2017-01-16 09:00:00> Program: Starting Squirrel Updater: --createShortcut atom.exe
2017-01-16 09:00:00> ApplyReleasesImpl: About to create shortcuts for atom.exe, rootAppDir C:\Users\Tim\AppData\Local\atom
2017-01-16 09:00:00> ApplyReleasesImpl: Creating shortcut for atom.exe => C:\Users\Tim\AppData\Roaming\Microsoft\Windows\Start Menu\Programs\GitHub, Inc.\Atom.lnk
2017-01-16 09:00:00> ApplyReleasesImpl: About to save shortcut: C:\Users\Tim\AppData\Roaming\Microsoft\Windows\Start Menu\Programs\GitHub, Inc.\Atom.lnk (target C:\Users\Tim\AppData\Local\atom\Update.exe, workingDir C:\Users\Tim\AppData\Local\atom\app-1.13.0, args --processStart "atom.exe")
2017-01-16 09:00:00> ApplyReleasesImpl: Creating shortcut for atom.exe => C:\Users\Tim\Desktop\Atom.lnk
2017-01-16 09:00:00> ApplyReleasesImpl: About to save shortcut: C:\Users\Tim\Desktop\Atom.lnk (target C:\Users\Tim\AppData\Local\atom\Update.exe, workingDir C:\Users\Tim\AppData\Local\atom\app-1.13.0, args --processStart "atom.exe")
2017-01-16 09:00:00> ApplyReleasesImpl: Examining Pin: File Explorer.lnk
2017-01-16 09:00:00> ApplyReleasesImpl: Examining Pin: foobar2000.lnk
2017-01-16 09:00:00> ApplyReleasesImpl: Examining Pin: Google Chrome.lnk
2017-01-16 09:00:00> ApplyReleasesImpl: Examining Pin: Google Keep：記事和清單.lnk
2017-01-16 09:00:00> ApplyReleasesImpl: Examining Pin: Notepad.lnk
2017-01-16 09:00:00> ApplyReleasesImpl: Examining Pin: Skype.lnk
2017-01-16 09:00:04> Program: Starting Squirrel Updater: --download https://atom.io/api/updates?version=1.13.0
2017-01-16 09:00:04> Program: Fetching update information, downloading from https://atom.io/api/updates?version=1.13.0
2017-01-16 09:00:04> SingleGlobalInstance: Failed to grab lockfile, will retry: C:\Users\Tim\AppData\Local\Temp\.squirrel-lock-AE1C7758A435BDEA7BA06D38FB9181DEBAC81F1D: System.IO.IOException: 由於另一個處理序正在使用檔案 'C:\Users\Tim\AppData\Local\Temp\.squirrel-lock-AE1C7758A435BDEA7BA06D38FB9181DEBAC81F1D'，所以無法存取該檔案。
   於 System.IO.__Error.WinIOError(Int32 errorCode, String maybeFullPath)
   於 System.IO.FileStream.Init(String path, FileMode mode, FileAccess access, Int32 rights, Boolean useRights, FileShare share, Int32 bufferSize, FileOptions options, SECURITY_ATTRIBUTES secAttrs, String msgPath, Boolean bFromProxy, Boolean useLongPath, Boolean checkHost)
   於 System.IO.FileStream..ctor(String path, FileMode mode, FileAccess access, FileShare share)
   於 Squirrel.SingleGlobalInstance..ctor(String key, TimeSpan timeOut)
2017-01-16 09:00:04> SingleGlobalInstance: Failed to grab lockfile, will retry: C:\Users\Tim\AppData\Local\Temp\.squirrel-lock-AE1C7758A435BDEA7BA06D38FB9181DEBAC81F1D: System.IO.IOException: 由於另一個處理序正在使用檔案 'C:\Users\Tim\AppData\Local\Temp\.squirrel-lock-AE1C7758A435BDEA7BA06D38FB9181DEBAC81F1D'，所以無法存取該檔案。
   於 System.IO.__Error.WinIOError(Int32 errorCode, String maybeFullPath)
   於 System.IO.FileStream.Init(String path, FileMode mode, FileAccess access, Int32 rights, Boolean useRights, FileShare share, Int32 bufferSize, FileOptions options, SECURITY_ATTRIBUTES secAttrs, String msgPath, Boolean bFromProxy, Boolean useLongPath, Boolean checkHost)
   於 System.IO.FileStream..ctor(String path, FileMode mode, FileAccess access, FileShare share)
   於 Squirrel.SingleGlobalInstance..ctor(String key, TimeSpan timeOut)
2017-01-16 09:00:05> SingleGlobalInstance: Failed to grab lockfile, will retry: C:\Users\Tim\AppData\Local\Temp\.squirrel-lock-AE1C7758A435BDEA7BA06D38FB9181DEBAC81F1D: System.IO.IOException: 由於另一個處理序正在使用檔案 'C:\Users\Tim\AppData\Local\Temp\.squirrel-lock-AE1C7758A435BDEA7BA06D38FB9181DEBAC81F1D'，所以無法存取該檔案。
   於 System.IO.__Error.WinIOError(Int32 errorCode, String maybeFullPath)
   於 System.IO.FileStream.Init(String path, FileMode mode, FileAccess access, Int32 rights, Boolean useRights, FileShare share, Int32 bufferSize, FileOptions options, SECURITY_ATTRIBUTES secAttrs, String msgPath, Boolean bFromProxy, Boolean useLongPath, Boolean checkHost)
   於 System.IO.FileStream..ctor(String path, FileMode mode, FileAccess access, FileShare share)
   於 Squirrel.SingleGlobalInstance..ctor(String key, TimeSpan timeOut)
2017-01-16 09:00:05> SingleGlobalInstance: Failed to grab lockfile, will retry: C:\Users\Tim\AppData\Local\Temp\.squirrel-lock-AE1C7758A435BDEA7BA06D38FB9181DEBAC81F1D: System.IO.IOException: 由於另一個處理序正在使用檔案 'C:\Users\Tim\AppData\Local\Temp\.squirrel-lock-AE1C7758A435BDEA7BA06D38FB9181DEBAC81F1D'，所以無法存取該檔案。
   於 System.IO.__Error.WinIOError(Int32 errorCode, String maybeFullPath)
   於 System.IO.FileStream.Init(String path, FileMode mode, FileAccess access, Int32 rights, Boolean useRights, FileShare share, Int32 bufferSize, FileOptions options, SECURITY_ATTRIBUTES secAttrs, String msgPath, Boolean bFromProxy, Boolean useLongPath, Boolean checkHost)
   於 System.IO.FileStream..ctor(String path, FileMode mode, FileAccess access, FileShare share)
   於 Squirrel.SingleGlobalInstance..ctor(String key, TimeSpan timeOut)
2017-01-16 09:00:05> SingleGlobalInstance: Failed to grab lockfile, will retry: C:\Users\Tim\AppData\Local\Temp\.squirrel-lock-AE1C7758A435BDEA7BA06D38FB9181DEBAC81F1D: System.IO.IOException: 由於另一個處理序正在使用檔案 'C:\Users\Tim\AppData\Local\Temp\.squirrel-lock-AE1C7758A435BDEA7BA06D38FB9181DEBAC81F1D'，所以無法存取該檔案。
   於 System.IO.__Error.WinIOError(Int32 errorCode, String maybeFullPath)
   於 System.IO.FileStream.Init(String path, FileMode mode, FileAccess access, Int32 rights, Boolean useRights, FileShare share, Int32 bufferSize, FileOptions options, SECURITY_ATTRIBUTES secAttrs, String msgPath, Boolean bFromProxy, Boolean useLongPath, Boolean checkHost)
   於 System.IO.FileStream..ctor(String path, FileMode mode, FileAccess access, FileShare share)
   於 Squirrel.SingleGlobalInstance..ctor(String key, TimeSpan timeOut)
2017-01-16 09:00:05> CheckForUpdateImpl: Generated new staging user ID: e0afa4a3-d986-5d12-a5e0-334542891da5
2017-01-16 09:00:05> CheckForUpdateImpl: Downloading RELEASES file from https://atom.io/api/updates?version=1.13.0
2017-01-16 09:00:06> FileDownloader: Downloading url: https://atom.io/api/updates/RELEASES?version=1.13.0&id=atom&localVersion=1.13.0&arch=amd64
2017-01-16 10:04:53> Program: Starting Squirrel Updater: --processStart atom.exe
2017-01-16 10:04:53> Program: Want to launch 'C:\Users\Tim\AppData\Local\atom\app-1.13.0\atom.exe'
2017-01-16 10:04:53> Program: About to launch: 'C:\Users\Tim\AppData\Local\atom\app-1.13.0\atom.exe': 
2017-01-16 10:04:55> Program: Starting Squirrel Updater: --download https://atom.io/api/updates?version=1.13.0
2017-01-16 10:04:55> Program: Fetching update information, downloading from https://atom.io/api/updates?version=1.13.0
2017-01-16 10:04:55> CheckForUpdateImpl: Using existing staging user ID: e0afa4a3-d986-5d12-a5e0-334542891da5
2017-01-16 10:04:55> CheckForUpdateImpl: Downloading RELEASES file from https://atom.io/api/updates?version=1.13.0
2017-01-16 10:04:55> FileDownloader: Downloading url: https://atom.io/api/updates/RELEASES?version=1.13.0&id=atom&localVersion=1.13.0&arch=amd64
2017-01-16 10:07:25> Program: Starting Squirrel Updater: --processStart atom.exe
2017-01-16 10:07:25> Program: Want to launch 'C:\Users\Tim\AppData\Local\atom\app-1.13.0\atom.exe'
2017-01-16 10:07:25> Program: About to launch: 'C:\Users\Tim\AppData\Local\atom\app-1.13.0\atom.exe': 
2017-01-16 10:07:26> Program: Starting Squirrel Updater: --download https://atom.io/api/updates?version=1.13.0
2017-01-16 10:07:26> Program: Fetching update information, downloading from https://atom.io/api/updates?version=1.13.0
2017-01-16 10:07:27> CheckForUpdateImpl: Using existing staging user ID: e0afa4a3-d986-5d12-a5e0-334542891da5
2017-01-16 10:07:27> CheckForUpdateImpl: Downloading RELEASES file from https://atom.io/api/updates?version=1.13.0
2017-01-16 10:07:27> FileDownloader: Downloading url: https://atom.io/api/updates/RELEASES?version=1.13.0&id=atom&localVersion=1.13.0&arch=amd64
2017-01-16 10:08:41> Program: Starting Squirrel Updater: --processStart atom.exe
2017-01-16 10:08:41> Program: Want to launch 'C:\Users\Tim\AppData\Local\atom\app-1.13.0\atom.exe'
2017-01-16 10:08:41> Program: About to launch: 'C:\Users\Tim\AppData\Local\atom\app-1.13.0\atom.exe': 
2017-01-16 10:08:42> Program: Starting Squirrel Updater: --download https://atom.io/api/updates?version=1.13.0
2017-01-16 10:08:42> Program: Fetching update information, downloading from https://atom.io/api/updates?version=1.13.0
2017-01-16 10:08:42> CheckForUpdateImpl: Using existing staging user ID: e0afa4a3-d986-5d12-a5e0-334542891da5
2017-01-16 10:08:42> CheckForUpdateImpl: Downloading RELEASES file from https://atom.io/api/updates?version=1.13.0
2017-01-16 10:08:42> FileDownloader: Downloading url: https://atom.io/api/updates/RELEASES?version=1.13.0&id=atom&localVersion=1.13.0&arch=amd64
